#
# There is insufficient memory for the Java Runtime Environment to continue.
# Native memory allocation (mmap) failed to map 268435456 bytes for G1 virtual space
# Possible reasons:
#   The system is out of physical RAM or swap space
#   The process is running with CompressedOops enabled, and the Java Heap may be blocking the growth of the native heap
# Possible solutions:
#   Reduce memory load on the system
#   Increase physical memory or swap space
#   Check if swap backing store is full
#   Decrease Java heap size (-Xmx/-Xms)
#   Decrease number of Java threads
#   Decrease Java thread stack sizes (-Xss)
#   Set larger code cache with -XX:ReservedCodeCacheSize=
#   JVM is running with Zero Based Compressed Oops mode in which the Java heap is
#     placed in the first 32GB address space. The Java Heap base address is the
#     maximum limit for the native heap growth. Please use -XX:HeapBaseMinAddress
#     to set the Java Heap base and to place the Java Heap above 32GB virtual address.
# This output file may be truncated or incomplete.
#
#  Out of Memory Error (os_windows.cpp:3825), pid=2376, tid=20992
#
# JRE version:  (17.0.10) (build )
# Java VM: OpenJDK 64-Bit Server VM (17.0.10+0--11572160, mixed mode, sharing, tiered, compressed oops, compressed class ptrs, g1 gc, windows-amd64)
# No core dump will be written. Minidumps are not enabled by default on client versions of Windows
#

---------------  S U M M A R Y ------------

Command Line: org.jetbrains.kotlin.cli.jvm.K2JVMCompiler @C:\Users\andre\StudioProjects\Nkhuku_Management\app\build\20240612_15706473051477040563.compiler.options

Host: Intel(R) Core(TM) i5-7200U CPU @ 2.50GHz, 4 cores, 15G,  Windows 11 , 64 bit Build 22621 (10.0.22621.3672)
Time: Wed Jun 12 21:38:47 2024 South Africa Standard Time elapsed time: 0.767516 seconds (0d 0h 0m 0s)

---------------  T H R E A D  ---------------

Current thread (0x000002a96c169340):  JavaThread "Unknown thread" [_thread_in_vm, id=20992, stack(0x000000e276800000,0x000000e276900000)]

Stack: [0x000000e276800000,0x000000e276900000]
Native frames: (J=compiled Java code, j=interpreted, Vv=VM code, C=native code)
V  [jvm.dll+0x688e89]
V  [jvm.dll+0x84247a]
V  [jvm.dll+0x8440be]
V  [jvm.dll+0x844723]
V  [jvm.dll+0x24be0f]
V  [jvm.dll+0x685c59]
V  [jvm.dll+0x67a50a]
V  [jvm.dll+0x30cbab]
V  [jvm.dll+0x314056]
V  [jvm.dll+0x363dce]
V  [jvm.dll+0x363fff]
V  [jvm.dll+0x2e2978]
V  [jvm.dll+0x2e38e4]
V  [jvm.dll+0x813011]
V  [jvm.dll+0x371c81]
V  [jvm.dll+0x7f1b66]
V  [jvm.dll+0x3f58df]
V  [jvm.dll+0x3f7511]
C  [jli.dll+0x528f]
C  [ucrtbase.dll+0x29333]
C  [KERNEL32.DLL+0x1257d]
C  [ntdll.dll+0x5aa48]


---------------  P R O C E S S  ---------------

Threads class SMR info:
_java_thread_list=0x00007ff8d511ef58, length=0, elements={
}

Java Threads: ( => current thread )

Other Threads:
  0x000002a96c1d6990 GCTaskThread "GC Thread#0" [stack: 0x000000e276900000,0x000000e276a00000] [id=13980]
  0x000002a96c1e7770 ConcurrentGCThread "G1 Main Marker" [stack: 0x000000e276a00000,0x000000e276b00000] [id=8128]
  0x000002a96c1e8190 ConcurrentGCThread "G1 Conc#0" [stack: 0x000000e276b00000,0x000000e276c00000] [id=29572]

[error occurred during error reporting (printing all threads), id 0xc0000005, EXCEPTION_ACCESS_VIOLATION (0xc0000005) at pc=0x00007ff8d48d3547]

VM state: not at safepoint (not fully initialized)

VM Mutex/Monitor currently owned by a thread:  ([mutex/lock_event])
[0x000002a96c165920] Heap_lock - owner thread: 0x000002a96c169340

Heap address: 0x0000000701600000, size: 4074 MB, Compressed Oops mode: Zero based, Oop shift amount: 3

CDS archive(s) mapped at: [0x0000000000000000-0x0000000000000000-0x0000000000000000), size 0, SharedBaseAddress: 0x0000000800000000, ArchiveRelocationMode: 1.
Narrow klass base: 0x0000000000000000, Narrow klass shift: 0, Narrow klass range: 0x0

GC Precious Log:
<Empty>

Heap:
 garbage-first heap   total 0K, used 0K [0x0000000701600000, 0x0000000800000000)
  region size 2048K, 0 young (0K), 0 survivors (0K)
 Metaspace       used 0K, committed 0K, reserved 0K
  class space    used 0K, committed 0K, reserved 0K

Heap Regions: E=young(eden), S=young(survivor), O=old, HS=humongous(starts), HC=humongous(continues), CS=collection set, F=free, OA=open archive, CA=closed archive, TAMS=top-at-mark-start (previous, next)

Card table byte_map: [0x000002a900c40000,0x000002a901440000] _byte_map_base: 0x000002a8fd435000

Marking Bits (Prev, Next): (CMBitMap*) 0x000002a96c1d6fb0, (CMBitMap*) 0x000002a96c1d6ff0
 Prev Bits: [0x000002a901c40000, 0x000002a905be8000)
 Next Bits: [0x000002a905bf0000, 0x000002a909b98000)

GC Heap History (0 events):
No events

Dll operation events (1 events):
Event: 0.488 Loaded shared library C:\Program Files\Android\Android Studio\jbr\bin\java.dll

Deoptimization events (0 events):
No events

Classes unloaded (0 events):
No events

Classes redefined (0 events):
No events

Internal exceptions (0 events):
No events

VM Operations (0 events):
No events

Events (0 events):
No events


Dynamic libraries:
0x00007ff753bc0000 - 0x00007ff753bca000 	C:\Program Files\Android\Android Studio\jbr\bin\java.exe
0x00007ff92ed70000 - 0x00007ff92ef87000 	C:\WINDOWS\SYSTEM32\ntdll.dll
0x00007ff92de40000 - 0x00007ff92df04000 	C:\WINDOWS\System32\KERNEL32.DLL
0x00007ff92c5a0000 - 0x00007ff92c94c000 	C:\WINDOWS\System32\KERNELBASE.dll
0x00007ff92c260000 - 0x00007ff92c371000 	C:\WINDOWS\System32\ucrtbase.dll
0x00007ff90a130000 - 0x00007ff90a147000 	C:\Program Files\Android\Android Studio\jbr\bin\jli.dll
0x00007ff92cab0000 - 0x00007ff92cc5e000 	C:\WINDOWS\System32\USER32.dll
0x00007ff92c570000 - 0x00007ff92c596000 	C:\WINDOWS\System32\win32u.dll
0x00007ff92e7c0000 - 0x00007ff92e7e9000 	C:\WINDOWS\System32\GDI32.dll
0x00007ff92c110000 - 0x00007ff92c229000 	C:\WINDOWS\System32\gdi32full.dll
0x00007ff92c950000 - 0x00007ff92c9ea000 	C:\WINDOWS\System32\msvcp_win.dll
0x00007ff902260000 - 0x00007ff90227b000 	C:\Program Files\Android\Android Studio\jbr\bin\VCRUNTIME140.dll
0x00007ff918410000 - 0x00007ff9186a3000 	C:\WINDOWS\WinSxS\amd64_microsoft.windows.common-controls_6595b64144ccf1df_6.0.22621.3672_none_2713b9d173822955\COMCTL32.dll
0x00007ff92cf00000 - 0x00007ff92cfa7000 	C:\WINDOWS\System32\msvcrt.dll
0x00007ff92cd10000 - 0x00007ff92cd41000 	C:\WINDOWS\System32\IMM32.DLL
0x00007ff90a220000 - 0x00007ff90a22c000 	C:\Program Files\Android\Android Studio\jbr\bin\vcruntime140_1.dll
0x00007ff8efe10000 - 0x00007ff8efe9d000 	C:\Program Files\Android\Android Studio\jbr\bin\msvcp140.dll
0x00007ff8d45e0000 - 0x00007ff8d5263000 	C:\Program Files\Android\Android Studio\jbr\bin\server\jvm.dll
0x00007ff92df90000 - 0x00007ff92e042000 	C:\WINDOWS\System32\ADVAPI32.dll
0x00007ff92cc60000 - 0x00007ff92cd08000 	C:\WINDOWS\System32\sechost.dll
0x00007ff92c230000 - 0x00007ff92c258000 	C:\WINDOWS\System32\bcrypt.dll
0x00007ff92e5a0000 - 0x00007ff92e6b5000 	C:\WINDOWS\System32\RPCRT4.dll
0x00007ff92aef0000 - 0x00007ff92af3d000 	C:\WINDOWS\SYSTEM32\POWRPROF.dll
0x00007ff9132a0000 - 0x00007ff9132a9000 	C:\WINDOWS\SYSTEM32\WSOCK32.dll
0x00007ff92df10000 - 0x00007ff92df81000 	C:\WINDOWS\System32\WS2_32.dll
0x00007ff923c00000 - 0x00007ff923c34000 	C:\WINDOWS\SYSTEM32\WINMM.dll
0x00007ff9232d0000 - 0x00007ff9232da000 	C:\WINDOWS\SYSTEM32\VERSION.dll
0x00007ff92aed0000 - 0x00007ff92aee3000 	C:\WINDOWS\SYSTEM32\UMPDC.dll
0x00007ff92b180000 - 0x00007ff92b198000 	C:\WINDOWS\SYSTEM32\kernel.appcore.dll
0x00007ff926f20000 - 0x00007ff926f2a000 	C:\Program Files\Android\Android Studio\jbr\bin\jimage.dll
0x00007ff9299f0000 - 0x00007ff929c22000 	C:\WINDOWS\SYSTEM32\DBGHELP.DLL
0x00007ff92dab0000 - 0x00007ff92de38000 	C:\WINDOWS\System32\combase.dll
0x00007ff92e0c0000 - 0x00007ff92e197000 	C:\WINDOWS\System32\OLEAUT32.dll
0x00007ff906be0000 - 0x00007ff906c12000 	C:\WINDOWS\SYSTEM32\dbgcore.DLL
0x00007ff92c380000 - 0x00007ff92c3fb000 	C:\WINDOWS\System32\bcryptPrimitives.dll
0x00007ff90a250000 - 0x00007ff90a275000 	C:\Program Files\Android\Android Studio\jbr\bin\java.dll

dbghelp: loaded successfully - version: 4.0.5 - missing functions: none
symbol engine: initialized successfully - sym options: 0x614 - pdb path: .;C:\Program Files\Android\Android Studio\jbr\bin;C:\WINDOWS\SYSTEM32;C:\WINDOWS\WinSxS\amd64_microsoft.windows.common-controls_6595b64144ccf1df_6.0.22621.3672_none_2713b9d173822955;C:\Program Files\Android\Android Studio\jbr\bin\server

VM Arguments:
java_command: org.jetbrains.kotlin.cli.jvm.K2JVMCompiler @C:\Users\andre\StudioProjects\Nkhuku_Management\app\build\20240612_15706473051477040563.compiler.options
java_class_path (initial): C:\Users\andre\.gradle\caches\modules-2\files-2.1\org.jetbrains.kotlin\kotlin-compiler-embeddable\1.9.22\9cd4dc7773cf2a99ecd961a88fbbc9a2da3fb5e1\kotlin-compiler-embeddable-1.9.22.jar;C:\Users\andre\.gradle\caches\modules-2\files-2.1\org.jetbrains.kotlin\kotlin-stdlib\1.9.22\d6c44cd08d8f3f9bece8101216dbe6553365c6e3\kotlin-stdlib-1.9.22.jar;C:\Users\andre\.gradle\caches\modules-2\files-2.1\org.jetbrains.kotlin\kotlin-script-runtime\1.9.22\f8139a46fc677ec9badc49ae954392f4f5e7e7c7\kotlin-script-runtime-1.9.22.jar;C:\Users\andre\.gradle\caches\modules-2\files-2.1\org.jetbrains.kotlin\kotlin-reflect\1.6.10\1cbe9c92c12a94eea200d23c2bbaedaf3daf5132\kotlin-reflect-1.6.10.jar;C:\Users\andre\.gradle\caches\modules-2\files-2.1\org.jetbrains.kotlin\kotlin-daemon-embeddable\1.9.22\20e2c5df715f3240c765cfc222530e2796542021\kotlin-daemon-embeddable-1.9.22.jar;C:\Users\andre\.gradle\caches\modules-2\files-2.1\org.jetbrains.intellij.deps\trove4j\1.0.20200330\3afb14d5f9ceb459d724e907a21145e8ff394f02\trove4j-1.0.20200330.jar;C:\Users\andre\.gradle\caches\modules-2\files-2.1\org.jetbrains\annotations\13.0\919f0dfe192fb4e063e7dacadee7f8bb9a2672a9\annotations-13.0.jar
Launcher Type: SUN_STANDARD

[Global flags]
     intx CICompilerCount                          = 3                                         {product} {ergonomic}
     uint ConcGCThreads                            = 1                                         {product} {ergonomic}
     uint G1ConcRefinementThreads                  = 4                                         {product} {ergonomic}
   size_t G1HeapRegionSize                         = 2097152                                   {product} {ergonomic}
    uintx GCDrainStackTargetSize                   = 64                                        {product} {ergonomic}
   size_t InitialHeapSize                          = 268435456                                 {product} {ergonomic}
   size_t MarkStackSize                            = 4194304                                   {product} {ergonomic}
   size_t MaxHeapSize                              = 4271898624                                {product} {ergonomic}
   size_t MinHeapDeltaBytes                        = 2097152                                   {product} {ergonomic}
   size_t MinHeapSize                              = 8388608                                   {product} {ergonomic}
    uintx NonNMethodCodeHeapSize                   = 5832780                                {pd product} {ergonomic}
    uintx NonProfiledCodeHeapSize                  = 122912730                              {pd product} {ergonomic}
    uintx ProfiledCodeHeapSize                     = 122912730                              {pd product} {ergonomic}
    uintx ReservedCodeCacheSize                    = 251658240                              {pd product} {ergonomic}
     bool SegmentedCodeCache                       = true                                      {product} {ergonomic}
   size_t SoftMaxHeapSize                          = 4271898624                             {manageable} {ergonomic}
     bool UseCompressedClassPointers               = true                           {product lp64_product} {ergonomic}
     bool UseCompressedOops                        = true                           {product lp64_product} {ergonomic}
     bool UseG1GC                                  = true                                      {product} {ergonomic}
     bool UseLargePagesIndividualAllocation        = false                                  {pd product} {ergonomic}

Logging:
Log output configuration:
 #0: stdout all=warning uptime,level,tags
 #1: stderr all=off uptime,level,tags

Environment Variables:
PATH=C:\WINDOWS\system32;C:\WINDOWS;C:\WINDOWS\System32\Wbem;C:\WINDOWS\System32\WindowsPowerShell\v1.0\;C:\WINDOWS\System32\OpenSSH\;C:\Program Files\Git\cmd;C:\Program Files (x86)\Pulse Secure\VC142.CRT\X64\;C:\Program Files (x86)\Pulse Secure\VC142.CRT\X86\;C:\Program Files (x86)\Common Files\Pulse Secure\TNC Client Plugin\;C:\Users\andre\AppData\Local\Microsoft\WindowsApps;;C:\Program Files\JetBrains\IntelliJ IDEA Community Edition 2024.1.2\bin;
USERNAME=andre
OS=Windows_NT
PROCESSOR_IDENTIFIER=Intel64 Family 6 Model 142 Stepping 9, GenuineIntel
TMP=C:\Users\andre\AppData\Local\Temp
TEMP=C:\Users\andre\AppData\Local\Temp



Periodic native trim disabled

JNI global refs:
JNI global refs: 0, weak refs: 0

JNI global refs memory usage: 0, weak refs: 0

OOME stack traces (most recent first):
Classloader memory used:


---------------  S Y S T E M  ---------------

OS:
 Windows 11 , 64 bit Build 22621 (10.0.22621.3672)
OS uptime: 7 days 11:07 hours
Hyper-V role detected

CPU: total 4 (initial active 4) (2 cores per cpu, 2 threads per core) family 6 model 142 stepping 9 microcode 0xde, cx8, cmov, fxsr, ht, mmx, 3dnowpref, sse, sse2, sse3, ssse3, sse4.1, sse4.2, popcnt, lzcnt, tsc, tscinvbit, avx, avx2, aes, erms, clmul, bmi1, bmi2, adx, fma, vzeroupper, clflush, clflushopt, hv
Processor Information for all 4 processors :
  Max Mhz: 2712, Current Mhz: 2712, Mhz Limit: 2495

Memory: 4k page, system-wide physical 16288M (1559M free)
TotalPageFile size 42019M (AvailPageFile size 213M)
current process WorkingSet (physical memory assigned to process): 11M, peak: 11M
current process commit charge ("private bytes"): 52M, peak: 308M

vm_info: OpenJDK 64-Bit Server VM (17.0.10+0--11572160) for windows-amd64 JRE (17.0.10+0--11572160), built on Mar 13 2024 23:56:38 by "androidbuild" with MS VC++ 16.10 / 16.11 (VS2019)

END.
